mode: atomic
github.com/Shixzie/nlp/nlp.go:27.16,27.65 1 1
github.com/Shixzie/nlp/nlp.go:32.42,32.96 1 6
github.com/Shixzie/nlp/nlp.go:36.29,37.24 1 5
github.com/Shixzie/nlp/nlp.go:66.2,66.66 1 1
github.com/Shixzie/nlp/nlp.go:37.24,43.28 6 4
github.com/Shixzie/nlp/nlp.go:55.3,56.7 2 1
github.com/Shixzie/nlp/nlp.go:64.3,64.13 1 1
github.com/Shixzie/nlp/nlp.go:43.28,45.18 2 4
github.com/Shixzie/nlp/nlp.go:48.4,48.43 1 1
github.com/Shixzie/nlp/nlp.go:45.18,47.5 1 3
github.com/Shixzie/nlp/nlp.go:48.43,53.5 1 7
github.com/Shixzie/nlp/nlp.go:56.7,58.18 2 1
github.com/Shixzie/nlp/nlp.go:62.4,62.9 1 1
github.com/Shixzie/nlp/nlp.go:58.18,60.5 1 0
github.com/Shixzie/nlp/nlp.go:95.48,96.24 1 1
github.com/Shixzie/nlp/nlp.go:96.24,98.3 1 1
github.com/Shixzie/nlp/nlp.go:102.55,103.24 1 1
github.com/Shixzie/nlp/nlp.go:103.24,104.17 1 1
github.com/Shixzie/nlp/nlp.go:104.17,106.4 1 1
github.com/Shixzie/nlp/nlp.go:115.88,116.14 1 6
github.com/Shixzie/nlp/nlp.go:119.2,119.23 1 5
github.com/Shixzie/nlp/nlp.go:122.2,123.34 2 4
github.com/Shixzie/nlp/nlp.go:151.2,151.62 1 1
github.com/Shixzie/nlp/nlp.go:116.14,118.3 1 1
github.com/Shixzie/nlp/nlp.go:119.23,121.3 1 1
github.com/Shixzie/nlp/nlp.go:123.34,131.26 2 3
github.com/Shixzie/nlp/nlp.go:134.2,135.39 1 3
github.com/Shixzie/nlp/nlp.go:148.3,149.13 2 3
github.com/Shixzie/nlp/nlp.go:131.26,133.4 1 2
github.com/Shixzie/nlp/nlp.go:135.39,136.60 1 9
github.com/Shixzie/nlp/nlp.go:139.4,139.57 1 7
github.com/Shixzie/nlp/nlp.go:143.4,143.31 1 4
github.com/Shixzie/nlp/nlp.go:136.60,137.23 1 2
github.com/Shixzie/nlp/nlp.go:139.57,141.23 2 3
github.com/Shixzie/nlp/nlp.go:144.207,145.86 1 4
github.com/Shixzie/nlp/nlp.go:154.31,155.32 1 4
github.com/Shixzie/nlp/nlp.go:184.2,184.12 1 1
github.com/Shixzie/nlp/nlp.go:155.32,157.17 2 10
github.com/Shixzie/nlp/nlp.go:160.3,162.29 3 9
github.com/Shixzie/nlp/nlp.go:179.3,179.24 1 8
github.com/Shixzie/nlp/nlp.go:182.3,182.25 1 7
github.com/Shixzie/nlp/nlp.go:157.17,159.4 1 1
github.com/Shixzie/nlp/nlp.go:162.29,163.13 1 21
github.com/Shixzie/nlp/nlp.go:163.13,166.32 3 10
github.com/Shixzie/nlp/nlp.go:172.5,172.22 1 10
github.com/Shixzie/nlp/nlp.go:166.32,167.26 1 45
github.com/Shixzie/nlp/nlp.go:167.26,170.7 2 9
github.com/Shixzie/nlp/nlp.go:172.22,174.6 1 1
github.com/Shixzie/nlp/nlp.go:175.5,177.5 1 11
github.com/Shixzie/nlp/nlp.go:179.24,181.4 1 1
github.com/Shixzie/nlp/nlp.go:187.58,192.16 3 6
github.com/Shixzie/nlp/nlp.go:198.2,201.36 3 6
github.com/Shixzie/nlp/nlp.go:254.1,255.40 1 6
github.com/Shixzie/nlp/nlp.go:271.2,272.32 2 6
github.com/Shixzie/nlp/nlp.go:278.2,278.21 1 6
github.com/Shixzie/nlp/nlp.go:281.2,281.29 1 6
github.com/Shixzie/nlp/nlp.go:192.16,194.3 1 0
github.com/Shixzie/nlp/nlp.go:201.36,205.34 4 42
github.com/Shixzie/nlp/nlp.go:213.2,214.26 1 42
github.com/Shixzie/nlp/nlp.go:205.34,206.27 1 240
github.com/Shixzie/nlp/nlp.go:211.4,211.16 1 225
github.com/Shixzie/nlp/nlp.go:206.27,207.21 1 643
github.com/Shixzie/nlp/nlp.go:207.21,209.6 1 15
github.com/Shixzie/nlp/nlp.go:214.26,216.15 1 108
github.com/Shixzie/nlp/nlp.go:223.4,223.45 1 108
github.com/Shixzie/nlp/nlp.go:247.4,247.27 1 93
github.com/Shixzie/nlp/nlp.go:216.15,219.5 2 54
github.com/Shixzie/nlp/nlp.go:219.5,221.5 1 54
github.com/Shixzie/nlp/nlp.go:223.45,226.23 2 240
github.com/Shixzie/nlp/nlp.go:226.23,227.18 1 15
github.com/Shixzie/nlp/nlp.go:230.6,231.29 2 15
github.com/Shixzie/nlp/nlp.go:238.6,239.24 2 14
github.com/Shixzie/nlp/nlp.go:227.18,229.7 1 2
github.com/Shixzie/nlp/nlp.go:231.29,236.25 4 1
github.com/Shixzie/nlp/nlp.go:240.6,241.17 1 225
github.com/Shixzie/nlp/nlp.go:241.17,244.7 1 124
github.com/Shixzie/nlp/nlp.go:247.27,250.5 1 64
github.com/Shixzie/nlp/nlp.go:255.40,256.48 1 42
github.com/Shixzie/nlp/nlp.go:259.3,259.33 1 10
github.com/Shixzie/nlp/nlp.go:264.3,264.32 1 2
github.com/Shixzie/nlp/nlp.go:256.48,257.18 1 32
github.com/Shixzie/nlp/nlp.go:259.33,260.46 1 10
github.com/Shixzie/nlp/nlp.go:260.46,261.19 1 8
github.com/Shixzie/nlp/nlp.go:272.32,273.24 1 42
github.com/Shixzie/nlp/nlp.go:273.24,276.4 2 11
github.com/Shixzie/nlp/nlp.go:278.21,280.3 1 0
github.com/Shixzie/nlp/nlp.go:284.46,287.19 3 6
github.com/Shixzie/nlp/nlp.go:310.2,310.24 1 6
github.com/Shixzie/nlp/nlp.go:287.19,288.26 1 6
github.com/Shixzie/nlp/nlp.go:288.26,289.36 1 7
github.com/Shixzie/nlp/nlp.go:290.22,291.14 1 5
github.com/Shixzie/nlp/nlp.go:304.19,306.60 2 2
github.com/Shixzie/nlp/nlp.go:292.25,293.56 1 2
github.com/Shixzie/nlp/nlp.go:294.86,296.48 2 1
github.com/Shixzie/nlp/nlp.go:297.43,299.49 2 1
github.com/Shixzie/nlp/nlp.go:300.81,302.47 2 1
